<?xml version="1.0" encoding="UTF-8"?>
<!-- Generated by org.testng.reporters.JUnitXMLReporter -->
<testsuite hostname="IMSS-JKR-CPU-13" ignored="0" name="Test" tests="7" failures="2" timestamp="22 May 2018 13:31:14 GMT" time="422.222" errors="0">
  <testcase name="method" time="20.777" classname="TEST_NG.loginNG"/>
  <testcase name="login_HRcred" time="22.273" classname="TEST_NG.loginNG"/>
  <testcase name="login_invalidcred" time="46.4" classname="TEST_NG.loginNG"/>
  <testcase name="Emptycred" time="107.069" classname="TEST_NG.loginNG"/>
  <testcase name="HR_Roles" time="61.511" classname="TEST_NG.HR">
    <failure type="org.openqa.selenium.ElementClickInterceptedException" message="Element &amp;lt;img class=&amp;quot;width_edit_icon&amp;quot; src=&amp;quot;assets/images/icons/edit icon.png&amp;quot;&amp;gt; is not clickable at point (947.3333129882812,433.0333251953125) because another element &amp;lt;div id=&amp;quot;AddTrakingModal&amp;quot; class=&amp;quot;modal fade in&amp;quot;&amp;gt; obscures it
Build info: version: &amp;apos;3.8.1&amp;apos;, revision: &amp;apos;6e95a6684b&amp;apos;, time: &amp;apos;2017-12-01T19:05:14.666Z&amp;apos;
System info: host: &amp;apos;IMSS-JKR-CPU-13&amp;apos;, ip: &amp;apos;172.16.1.97&amp;apos;, os.name: &amp;apos;Windows 7&amp;apos;, os.arch: &amp;apos;amd64&amp;apos;, os.version: &amp;apos;6.1&amp;apos;, java.version: &amp;apos;1.8.0_40&amp;apos;
Driver info: org.openqa.selenium.firefox.FirefoxDriver
Capabilities {acceptInsecureCerts: true, browserName: firefox, browserVersion: 58.0.1, javascriptEnabled: true, moz:accessibilityChecks: false, moz:headless: false, moz:processID: 13796, moz:profile: C:\Users\sandhya\AppData\Lo..., moz:webdriverClick: true, pageLoadStrategy: normal, platform: XP, platformName: XP, platformVersion: 6.1, rotatable: false, timeouts: {implicit: 0, pageLoad: 300000, script: 30000}}
Session ID: b48e4b8e-749c-4842-ba6b-3027da6671c1">
      <![CDATA[org.openqa.selenium.ElementClickInterceptedException: Element <img class="width_edit_icon" src="assets/images/icons/edit icon.png"> is not clickable at point (947.3333129882812,433.0333251953125) because another element <div id="AddTrakingModal" class="modal fade in"> obscures it
Build info: version: '3.8.1', revision: '6e95a6684b', time: '2017-12-01T19:05:14.666Z'
System info: host: 'IMSS-JKR-CPU-13', ip: '172.16.1.97', os.name: 'Windows 7', os.arch: 'amd64', os.version: '6.1', java.version: '1.8.0_40'
Driver info: org.openqa.selenium.firefox.FirefoxDriver
Capabilities {acceptInsecureCerts: true, browserName: firefox, browserVersion: 58.0.1, javascriptEnabled: true, moz:accessibilityChecks: false, moz:headless: false, moz:processID: 13796, moz:profile: C:\Users\sandhya\AppData\Lo..., moz:webdriverClick: true, pageLoadStrategy: normal, platform: XP, platformName: XP, platformVersion: 6.1, rotatable: false, timeouts: {implicit: 0, pageLoad: 300000, script: 30000}}
Session ID: b48e4b8e-749c-4842-ba6b-3027da6671c1
at org.openqa.selenium.remote.http.W3CHttpResponseCodec.createException(W3CHttpResponseCodec.java:187)
at org.openqa.selenium.remote.http.W3CHttpResponseCodec.decode(W3CHttpResponseCodec.java:122)
at org.openqa.selenium.remote.http.W3CHttpResponseCodec.decode(W3CHttpResponseCodec.java:49)
at org.openqa.selenium.remote.HttpCommandExecutor.execute(HttpCommandExecutor.java:164)
at org.openqa.selenium.remote.service.DriverCommandExecutor.execute(DriverCommandExecutor.java:83)
at org.openqa.selenium.remote.RemoteWebDriver.execute(RemoteWebDriver.java:601)
at org.openqa.selenium.remote.RemoteWebElement.execute(RemoteWebElement.java:279)
at org.openqa.selenium.remote.RemoteWebElement.click(RemoteWebElement.java:83)
at Test_cases.Manage_EMP.projectTrackig(Manage_EMP.java:135)
at TEST_NG.HR.HR_Roles(HR.java:27)
... Removed 29 stack frames]]>
    </failure>
  </testcase> <!-- HR_Roles -->
  <testcase name="coo_credentials" time="28.734" classname="TEST_NG.COO"/>
  <testcase name="BU_Head" time="15.782" classname="TEST_NG.BU_VMSBU">
    <failure type="org.openqa.selenium.NoSuchElementException" message="Unable to locate element: html/body/div/div[2]/div[3]/div/div/div[2]/div/div/form/div/div[1]/div/select
For documentation on this error, please visit: http://seleniumhq.org/exceptions/no_such_element.html
Build info: version: &amp;apos;3.8.1&amp;apos;, revision: &amp;apos;6e95a6684b&amp;apos;, time: &amp;apos;2017-12-01T19:05:14.666Z&amp;apos;
System info: host: &amp;apos;IMSS-JKR-CPU-13&amp;apos;, ip: &amp;apos;172.16.1.97&amp;apos;, os.name: &amp;apos;Windows 7&amp;apos;, os.arch: &amp;apos;amd64&amp;apos;, os.version: &amp;apos;6.1&amp;apos;, java.version: &amp;apos;1.8.0_40&amp;apos;
Driver info: org.openqa.selenium.firefox.FirefoxDriver
Capabilities {acceptInsecureCerts: true, browserName: firefox, browserVersion: 58.0.1, javascriptEnabled: true, moz:accessibilityChecks: false, moz:headless: false, moz:processID: 9952, moz:profile: C:\Users\sandhya\AppData\Lo..., moz:webdriverClick: true, pageLoadStrategy: normal, platform: XP, platformName: XP, platformVersion: 6.1, rotatable: false, timeouts: {implicit: 0, pageLoad: 300000, script: 30000}}
Session ID: 9e2b1040-2978-4b6b-a438-dbc7f52e2091
*** Element info: {Using=xpath, value=html/body/div/div[2]/div[3]/div/div/div[2]/div/div/form/div/div[1]/div/select}">
      <![CDATA[org.openqa.selenium.NoSuchElementException: Unable to locate element: html/body/div/div[2]/div[3]/div/div/div[2]/div/div/form/div/div[1]/div/select
For documentation on this error, please visit: http://seleniumhq.org/exceptions/no_such_element.html
Build info: version: '3.8.1', revision: '6e95a6684b', time: '2017-12-01T19:05:14.666Z'
System info: host: 'IMSS-JKR-CPU-13', ip: '172.16.1.97', os.name: 'Windows 7', os.arch: 'amd64', os.version: '6.1', java.version: '1.8.0_40'
Driver info: org.openqa.selenium.firefox.FirefoxDriver
Capabilities {acceptInsecureCerts: true, browserName: firefox, browserVersion: 58.0.1, javascriptEnabled: true, moz:accessibilityChecks: false, moz:headless: false, moz:processID: 9952, moz:profile: C:\Users\sandhya\AppData\Lo..., moz:webdriverClick: true, pageLoadStrategy: normal, platform: XP, platformName: XP, platformVersion: 6.1, rotatable: false, timeouts: {implicit: 0, pageLoad: 300000, script: 30000}}
Session ID: 9e2b1040-2978-4b6b-a438-dbc7f52e2091
*** Element info: {Using=xpath, value=html/body/div/div[2]/div[3]/div/div/div[2]/div/div/form/div/div[1]/div/select}
at org.openqa.selenium.remote.http.W3CHttpResponseCodec.createException(W3CHttpResponseCodec.java:187)
at org.openqa.selenium.remote.http.W3CHttpResponseCodec.decode(W3CHttpResponseCodec.java:122)
at org.openqa.selenium.remote.http.W3CHttpResponseCodec.decode(W3CHttpResponseCodec.java:49)
at org.openqa.selenium.remote.HttpCommandExecutor.execute(HttpCommandExecutor.java:164)
at org.openqa.selenium.remote.service.DriverCommandExecutor.execute(DriverCommandExecutor.java:83)
at org.openqa.selenium.remote.RemoteWebDriver.execute(RemoteWebDriver.java:601)
at org.openqa.selenium.remote.RemoteWebDriver.findElement(RemoteWebDriver.java:371)
at org.openqa.selenium.remote.RemoteWebDriver.findElementByXPath(RemoteWebDriver.java:473)
at org.openqa.selenium.By$ByXPath.findElement(By.java:361)
at org.openqa.selenium.remote.RemoteWebDriver.findElement(RemoteWebDriver.java:363)
at Test_cases.Manage_EMP.search(Manage_EMP.java:44)
at TEST_NG.BU_VMSBU.BU_Head(BU_VMSBU.java:52)
... Removed 29 stack frames]]>
    </failure>
  </testcase> <!-- BU_Head -->
</testsuite> <!-- Test -->
