<?xml version="1.0" encoding="UTF-8"?>
<!-- Generated by org.testng.reporters.JUnitXMLReporter -->
<testsuite hostname="IMSS-JKR-CPU-13" ignored="0" name="FirefoxTest" tests="6" failures="0" timestamp="04 Jul 2018 06:06:11 GMT" time="21.185" errors="0">
  <testcase name="@BeforeClass openBrowser" time="20.919" classname="Common_Methods.Util_driver">
    <failure type="org.openqa.selenium.WebDriverException" message="Reached error page: about:neterror?e=connectionFailure&amp;amp;u=http%3A//172.16.1.129%3A8000/&amp;amp;c=UTF-8&amp;amp;f=regular&amp;amp;d=Firefox%20can%E2%80%99t%20establish%20a%20connection%20to%20the%20server%20at%20172.16.1.129%3A8000.
Build info: version: &amp;apos;3.8.1&amp;apos;, revision: &amp;apos;6e95a6684b&amp;apos;, time: &amp;apos;2017-12-01T19:05:14.666Z&amp;apos;
System info: host: &amp;apos;IMSS-JKR-CPU-13&amp;apos;, ip: &amp;apos;172.16.1.97&amp;apos;, os.name: &amp;apos;Windows 7&amp;apos;, os.arch: &amp;apos;amd64&amp;apos;, os.version: &amp;apos;6.1&amp;apos;, java.version: &amp;apos;1.8.0_40&amp;apos;
Driver info: org.openqa.selenium.firefox.FirefoxDriver
Capabilities {acceptInsecureCerts: true, browserName: firefox, browserVersion: 58.0.1, javascriptEnabled: true, moz:accessibilityChecks: false, moz:headless: false, moz:processID: 4476, moz:profile: C:\Users\sandhya\AppData\Lo..., moz:webdriverClick: true, pageLoadStrategy: normal, platform: XP, platformName: XP, platformVersion: 6.1, rotatable: false, timeouts: {implicit: 0, pageLoad: 300000, script: 30000}}
Session ID: 6d53d914-437d-4742-8467-38202ffebaab">
      <![CDATA[org.openqa.selenium.WebDriverException: Reached error page: about:neterror?e=connectionFailure&u=http%3A//172.16.1.129%3A8000/&c=UTF-8&f=regular&d=Firefox%20can%E2%80%99t%20establish%20a%20connection%20to%20the%20server%20at%20172.16.1.129%3A8000.
Build info: version: '3.8.1', revision: '6e95a6684b', time: '2017-12-01T19:05:14.666Z'
System info: host: 'IMSS-JKR-CPU-13', ip: '172.16.1.97', os.name: 'Windows 7', os.arch: 'amd64', os.version: '6.1', java.version: '1.8.0_40'
Driver info: org.openqa.selenium.firefox.FirefoxDriver
Capabilities {acceptInsecureCerts: true, browserName: firefox, browserVersion: 58.0.1, javascriptEnabled: true, moz:accessibilityChecks: false, moz:headless: false, moz:processID: 4476, moz:profile: C:\Users\sandhya\AppData\Lo..., moz:webdriverClick: true, pageLoadStrategy: normal, platform: XP, platformName: XP, platformVersion: 6.1, rotatable: false, timeouts: {implicit: 0, pageLoad: 300000, script: 30000}}
Session ID: 6d53d914-437d-4742-8467-38202ffebaab
at org.openqa.selenium.remote.http.W3CHttpResponseCodec.createException(W3CHttpResponseCodec.java:187)
at org.openqa.selenium.remote.http.W3CHttpResponseCodec.decode(W3CHttpResponseCodec.java:122)
at org.openqa.selenium.remote.http.W3CHttpResponseCodec.decode(W3CHttpResponseCodec.java:49)
at org.openqa.selenium.remote.HttpCommandExecutor.execute(HttpCommandExecutor.java:164)
at org.openqa.selenium.remote.service.DriverCommandExecutor.execute(DriverCommandExecutor.java:83)
at org.openqa.selenium.remote.RemoteWebDriver.execute(RemoteWebDriver.java:601)
at org.openqa.selenium.remote.RemoteWebDriver.get(RemoteWebDriver.java:325)
at Common_Methods.Util_driver.openBrowser(Util_driver.java:85)
... Removed 30 stack frames]]>
    </failure>
  </testcase> <!-- @BeforeClass openBrowser -->
  <testcase name="@BeforeClass openBrowser" time="0.0" classname="Common_Methods.Util_driver">
    <skipped/>
  </testcase> <!-- @BeforeClass openBrowser -->
  <testcase name="@BeforeClass openBrowser" time="0.0" classname="Common_Methods.Util_driver">
    <skipped/>
  </testcase> <!-- @BeforeClass openBrowser -->
  <testcase name="@BeforeClass openBrowser" time="0.0" classname="Common_Methods.Util_driver">
    <skipped/>
  </testcase> <!-- @BeforeClass openBrowser -->
  <testcase name="method" time="0.0" classname="TEST_NG.loginNG">
    <skipped/>
  </testcase> <!-- method -->
  <testcase name="coo_credentials" time="0.0" classname="TEST_NG.COO">
    <skipped/>
  </testcase> <!-- coo_credentials -->
  <testcase name="HR_Roles" time="0.0" classname="TEST_NG.HR">
    <skipped/>
  </testcase> <!-- HR_Roles -->
  <testcase name="project_tract" time="0.0" classname="TEST_NG.HR">
    <skipped/>
  </testcase> <!-- project_tract -->
  <testcase name="BU_Head" time="0.0" classname="TEST_NG.BU_VMSBU">
    <skipped/>
  </testcase> <!-- BU_Head -->
  <testcase name="project_BU" time="0.0" classname="TEST_NG.BU_VMSBU">
    <skipped/>
  </testcase> <!-- project_BU -->
</testsuite> <!-- FirefoxTest -->
